<?xml version="1.0" encoding="UTF-8"?>
<!-- Generated by org.testng.reporters.JUnitReportReporter -->
<testsuite hostname="DESKTOP-PUKSTHP" failures="0" tests="1" name="magento_Demo_Store.magento_Demo_Store.AppTest" time="11.913" errors="0" timestamp="2025-07-07T00:53:46 PDT" skipped="0">
  <testcase classname="magento_Demo_Store.magento_Demo_Store.AppTest" name="productNavigation" time="11.913"/>
</testsuite> <!-- magento_Demo_Store.magento_Demo_Store.AppTest -->
